[27-Dec-2022 14:14:42 Asia/Calcutta] 2022-12-27T14:14:42+05:30 [info] User Deprecated: Method "Symfony\Component\HttpKernel\KernelInterface::locateResource()" might add "string" as a native return type declaration in the future. Do the same in implementation "Pimcore\Kernel" now to avoid errors or add an explicit @return annotation to suppress this message.
[27-Dec-2022 14:14:42 Asia/Calcutta] 2022-12-27T14:14:42+05:30 [critical] Uncaught Exception: Unable to create the "cache" directory (/var/www/html/test/pimProject/var/cache/dev).
[10-Jan-2023 12:54:43 Asia/Calcutta] PHP Warning:  Undefined variable $sql in /var/www/html/test/pimProject/vendor/vrana/adminer/adminer/script.inc.php on line 15
[10-Jan-2023 12:54:43 Asia/Calcutta] PHP Warning:  Undefined variable $sql in /var/www/html/test/pimProject/vendor/vrana/adminer/adminer/script.inc.php on line 15
[10-Jan-2023 12:54:43 Asia/Calcutta] PHP Warning:  Undefined variable $sql in /var/www/html/test/pimProject/vendor/vrana/adminer/adminer/script.inc.php on line 15
[10-Jan-2023 12:54:43 Asia/Calcutta] PHP Warning:  Undefined variable $sql in /var/www/html/test/pimProject/vendor/vrana/adminer/adminer/script.inc.php on line 15
[10-Jan-2023 12:54:43 Asia/Calcutta] PHP Warning:  Undefined variable $sql in /var/www/html/test/pimProject/vendor/vrana/adminer/adminer/script.inc.php on line 15
[10-Jan-2023 12:54:43 Asia/Calcutta] PHP Warning:  Undefined variable $sql in /var/www/html/test/pimProject/vendor/vrana/adminer/adminer/script.inc.php on line 15
[10-Jan-2023 12:54:43 Asia/Calcutta] PHP Warning:  Undefined variable $sql in /var/www/html/test/pimProject/vendor/vrana/adminer/adminer/script.inc.php on line 15
[10-Jan-2023 12:54:43 Asia/Calcutta] PHP Warning:  Undefined variable $sql in /var/www/html/test/pimProject/vendor/vrana/adminer/adminer/script.inc.php on line 15
[10-Jan-2023 12:54:43 Asia/Calcutta] PHP Warning:  Undefined variable $sql in /var/www/html/test/pimProject/vendor/vrana/adminer/adminer/script.inc.php on line 15
[10-Jan-2023 12:54:43 Asia/Calcutta] PHP Warning:  Undefined variable $sql in /var/www/html/test/pimProject/vendor/vrana/adminer/adminer/script.inc.php on line 15
[10-Jan-2023 12:54:43 Asia/Calcutta] PHP Warning:  Undefined variable $sql in /var/www/html/test/pimProject/vendor/vrana/adminer/adminer/script.inc.php on line 15
[10-Jan-2023 12:54:43 Asia/Calcutta] PHP Warning:  Undefined variable $sql in /var/www/html/test/pimProject/vendor/vrana/adminer/adminer/script.inc.php on line 15
[10-Jan-2023 12:54:43 Asia/Calcutta] PHP Warning:  Undefined variable $sql in /var/www/html/test/pimProject/vendor/vrana/adminer/adminer/script.inc.php on line 15
[10-Jan-2023 12:54:43 Asia/Calcutta] PHP Warning:  Undefined variable $sql in /var/www/html/test/pimProject/vendor/vrana/adminer/adminer/script.inc.php on line 15
[10-Jan-2023 12:54:43 Asia/Calcutta] PHP Warning:  Undefined variable $sql in /var/www/html/test/pimProject/vendor/vrana/adminer/adminer/script.inc.php on line 15
[10-Jan-2023 12:54:43 Asia/Calcutta] PHP Warning:  Undefined variable $sql in /var/www/html/test/pimProject/vendor/vrana/adminer/adminer/script.inc.php on line 15
[10-Jan-2023 12:54:43 Asia/Calcutta] PHP Warning:  Undefined variable $sql in /var/www/html/test/pimProject/vendor/vrana/adminer/adminer/script.inc.php on line 15
[10-Jan-2023 12:54:43 Asia/Calcutta] PHP Warning:  Undefined variable $sql in /var/www/html/test/pimProject/vendor/vrana/adminer/adminer/script.inc.php on line 15
[10-Jan-2023 12:54:43 Asia/Calcutta] PHP Warning:  Undefined variable $sql in /var/www/html/test/pimProject/vendor/vrana/adminer/adminer/script.inc.php on line 15
[10-Jan-2023 12:54:43 Asia/Calcutta] PHP Warning:  Undefined variable $sql in /var/www/html/test/pimProject/vendor/vrana/adminer/adminer/script.inc.php on line 15
[10-Jan-2023 12:54:43 Asia/Calcutta] PHP Warning:  Undefined variable $sql in /var/www/html/test/pimProject/vendor/vrana/adminer/adminer/script.inc.php on line 15
[10-Jan-2023 12:54:43 Asia/Calcutta] PHP Warning:  Undefined variable $sql in /var/www/html/test/pimProject/vendor/vrana/adminer/adminer/script.inc.php on line 15
[10-Jan-2023 12:54:43 Asia/Calcutta] PHP Warning:  Undefined variable $sql in /var/www/html/test/pimProject/vendor/vrana/adminer/adminer/script.inc.php on line 15
[10-Jan-2023 12:54:43 Asia/Calcutta] PHP Warning:  Undefined variable $sql in /var/www/html/test/pimProject/vendor/vrana/adminer/adminer/script.inc.php on line 15
[10-Jan-2023 12:54:43 Asia/Calcutta] PHP Warning:  Undefined variable $sql in /var/www/html/test/pimProject/vendor/vrana/adminer/adminer/script.inc.php on line 15
[10-Jan-2023 12:54:43 Asia/Calcutta] PHP Warning:  Undefined variable $sql in /var/www/html/test/pimProject/vendor/vrana/adminer/adminer/script.inc.php on line 15
[10-Jan-2023 12:54:43 Asia/Calcutta] PHP Warning:  Undefined variable $sql in /var/www/html/test/pimProject/vendor/vrana/adminer/adminer/script.inc.php on line 15
[10-Jan-2023 12:55:15 Asia/Calcutta] PHP Warning:  Undefined variable $sql in /var/www/html/test/pimProject/vendor/vrana/adminer/adminer/script.inc.php on line 15
[10-Jan-2023 12:55:15 Asia/Calcutta] PHP Warning:  Undefined variable $sql in /var/www/html/test/pimProject/vendor/vrana/adminer/adminer/script.inc.php on line 15
[10-Jan-2023 12:55:15 Asia/Calcutta] PHP Warning:  Undefined variable $sql in /var/www/html/test/pimProject/vendor/vrana/adminer/adminer/script.inc.php on line 15
[10-Jan-2023 12:55:15 Asia/Calcutta] PHP Warning:  Undefined variable $sql in /var/www/html/test/pimProject/vendor/vrana/adminer/adminer/script.inc.php on line 15
[10-Jan-2023 12:55:15 Asia/Calcutta] PHP Warning:  Undefined variable $sql in /var/www/html/test/pimProject/vendor/vrana/adminer/adminer/script.inc.php on line 15
[10-Jan-2023 12:55:15 Asia/Calcutta] PHP Warning:  Undefined variable $sql in /var/www/html/test/pimProject/vendor/vrana/adminer/adminer/script.inc.php on line 15
[10-Jan-2023 12:55:15 Asia/Calcutta] PHP Warning:  Undefined variable $sql in /var/www/html/test/pimProject/vendor/vrana/adminer/adminer/script.inc.php on line 15
[10-Jan-2023 12:55:15 Asia/Calcutta] PHP Warning:  Undefined variable $sql in /var/www/html/test/pimProject/vendor/vrana/adminer/adminer/script.inc.php on line 15
[10-Jan-2023 12:55:15 Asia/Calcutta] PHP Warning:  Undefined variable $sql in /var/www/html/test/pimProject/vendor/vrana/adminer/adminer/script.inc.php on line 15
[10-Jan-2023 12:55:15 Asia/Calcutta] PHP Warning:  Undefined variable $sql in /var/www/html/test/pimProject/vendor/vrana/adminer/adminer/script.inc.php on line 15
[10-Jan-2023 12:55:15 Asia/Calcutta] PHP Warning:  Undefined variable $sql in /var/www/html/test/pimProject/vendor/vrana/adminer/adminer/script.inc.php on line 15
[10-Jan-2023 12:55:15 Asia/Calcutta] PHP Warning:  Undefined variable $sql in /var/www/html/test/pimProject/vendor/vrana/adminer/adminer/script.inc.php on line 15
[10-Jan-2023 12:55:15 Asia/Calcutta] PHP Warning:  Undefined variable $sql in /var/www/html/test/pimProject/vendor/vrana/adminer/adminer/script.inc.php on line 15
[10-Jan-2023 12:55:15 Asia/Calcutta] PHP Warning:  Undefined variable $sql in /var/www/html/test/pimProject/vendor/vrana/adminer/adminer/script.inc.php on line 15
[10-Jan-2023 12:55:15 Asia/Calcutta] PHP Warning:  Undefined variable $sql in /var/www/html/test/pimProject/vendor/vrana/adminer/adminer/script.inc.php on line 15
[10-Jan-2023 12:55:15 Asia/Calcutta] PHP Warning:  Undefined variable $sql in /var/www/html/test/pimProject/vendor/vrana/adminer/adminer/script.inc.php on line 15
[10-Jan-2023 12:55:15 Asia/Calcutta] PHP Warning:  Undefined variable $sql in /var/www/html/test/pimProject/vendor/vrana/adminer/adminer/script.inc.php on line 15
[10-Jan-2023 12:55:15 Asia/Calcutta] PHP Warning:  Undefined variable $sql in /var/www/html/test/pimProject/vendor/vrana/adminer/adminer/script.inc.php on line 15
[10-Jan-2023 12:55:15 Asia/Calcutta] PHP Warning:  Undefined variable $sql in /var/www/html/test/pimProject/vendor/vrana/adminer/adminer/script.inc.php on line 15
[10-Jan-2023 12:55:15 Asia/Calcutta] PHP Warning:  Undefined variable $sql in /var/www/html/test/pimProject/vendor/vrana/adminer/adminer/script.inc.php on line 15
[10-Jan-2023 12:55:15 Asia/Calcutta] PHP Warning:  Undefined variable $sql in /var/www/html/test/pimProject/vendor/vrana/adminer/adminer/script.inc.php on line 15
[10-Jan-2023 12:55:15 Asia/Calcutta] PHP Warning:  Undefined variable $sql in /var/www/html/test/pimProject/vendor/vrana/adminer/adminer/script.inc.php on line 15
[10-Jan-2023 12:55:15 Asia/Calcutta] PHP Warning:  Undefined variable $sql in /var/www/html/test/pimProject/vendor/vrana/adminer/adminer/script.inc.php on line 15
[10-Jan-2023 12:55:15 Asia/Calcutta] PHP Warning:  Undefined variable $sql in /var/www/html/test/pimProject/vendor/vrana/adminer/adminer/script.inc.php on line 15
[10-Jan-2023 12:55:15 Asia/Calcutta] PHP Warning:  Undefined variable $sql in /var/www/html/test/pimProject/vendor/vrana/adminer/adminer/script.inc.php on line 15
[10-Jan-2023 12:55:15 Asia/Calcutta] PHP Warning:  Undefined variable $sql in /var/www/html/test/pimProject/vendor/vrana/adminer/adminer/script.inc.php on line 15
[10-Jan-2023 12:55:15 Asia/Calcutta] PHP Warning:  Undefined variable $sql in /var/www/html/test/pimProject/vendor/vrana/adminer/adminer/script.inc.php on line 15
[10-Jan-2023 13:03:07 Asia/Calcutta] PHP Warning:  Undefined variable $sql in /var/www/html/test/pimProject/vendor/vrana/adminer/adminer/script.inc.php on line 15
[10-Jan-2023 13:03:07 Asia/Calcutta] PHP Warning:  Undefined variable $sql in /var/www/html/test/pimProject/vendor/vrana/adminer/adminer/script.inc.php on line 15
[10-Jan-2023 13:03:07 Asia/Calcutta] PHP Warning:  Undefined variable $sql in /var/www/html/test/pimProject/vendor/vrana/adminer/adminer/script.inc.php on line 15
[10-Jan-2023 13:03:07 Asia/Calcutta] PHP Warning:  Undefined variable $sql in /var/www/html/test/pimProject/vendor/vrana/adminer/adminer/script.inc.php on line 15
[10-Jan-2023 13:03:07 Asia/Calcutta] PHP Warning:  Undefined variable $sql in /var/www/html/test/pimProject/vendor/vrana/adminer/adminer/script.inc.php on line 15
[10-Jan-2023 13:03:07 Asia/Calcutta] PHP Warning:  Undefined variable $sql in /var/www/html/test/pimProject/vendor/vrana/adminer/adminer/script.inc.php on line 15
[10-Jan-2023 13:03:07 Asia/Calcutta] PHP Warning:  Undefined variable $sql in /var/www/html/test/pimProject/vendor/vrana/adminer/adminer/script.inc.php on line 15
[10-Jan-2023 13:03:07 Asia/Calcutta] PHP Warning:  Undefined variable $sql in /var/www/html/test/pimProject/vendor/vrana/adminer/adminer/script.inc.php on line 15
[10-Jan-2023 13:03:07 Asia/Calcutta] PHP Warning:  Undefined variable $sql in /var/www/html/test/pimProject/vendor/vrana/adminer/adminer/script.inc.php on line 15
[10-Jan-2023 13:03:07 Asia/Calcutta] PHP Warning:  Undefined variable $sql in /var/www/html/test/pimProject/vendor/vrana/adminer/adminer/script.inc.php on line 15
[10-Jan-2023 13:03:07 Asia/Calcutta] PHP Warning:  Undefined variable $sql in /var/www/html/test/pimProject/vendor/vrana/adminer/adminer/script.inc.php on line 15
[10-Jan-2023 13:03:07 Asia/Calcutta] PHP Warning:  Undefined variable $sql in /var/www/html/test/pimProject/vendor/vrana/adminer/adminer/script.inc.php on line 15
[10-Jan-2023 13:03:07 Asia/Calcutta] PHP Warning:  Undefined variable $sql in /var/www/html/test/pimProject/vendor/vrana/adminer/adminer/script.inc.php on line 15
[10-Jan-2023 13:03:07 Asia/Calcutta] PHP Warning:  Undefined variable $sql in /var/www/html/test/pimProject/vendor/vrana/adminer/adminer/script.inc.php on line 15
[10-Jan-2023 13:03:07 Asia/Calcutta] PHP Warning:  Undefined variable $sql in /var/www/html/test/pimProject/vendor/vrana/adminer/adminer/script.inc.php on line 15
[10-Jan-2023 13:03:07 Asia/Calcutta] PHP Warning:  Undefined variable $sql in /var/www/html/test/pimProject/vendor/vrana/adminer/adminer/script.inc.php on line 15
[10-Jan-2023 13:03:07 Asia/Calcutta] PHP Warning:  Undefined variable $sql in /var/www/html/test/pimProject/vendor/vrana/adminer/adminer/script.inc.php on line 15
[10-Jan-2023 13:03:07 Asia/Calcutta] PHP Warning:  Undefined variable $sql in /var/www/html/test/pimProject/vendor/vrana/adminer/adminer/script.inc.php on line 15
[10-Jan-2023 13:03:07 Asia/Calcutta] PHP Warning:  Undefined variable $sql in /var/www/html/test/pimProject/vendor/vrana/adminer/adminer/script.inc.php on line 15
[10-Jan-2023 13:03:07 Asia/Calcutta] PHP Warning:  Undefined variable $sql in /var/www/html/test/pimProject/vendor/vrana/adminer/adminer/script.inc.php on line 15
[10-Jan-2023 13:03:07 Asia/Calcutta] PHP Warning:  Undefined variable $sql in /var/www/html/test/pimProject/vendor/vrana/adminer/adminer/script.inc.php on line 15
[10-Jan-2023 13:03:07 Asia/Calcutta] PHP Warning:  Undefined variable $sql in /var/www/html/test/pimProject/vendor/vrana/adminer/adminer/script.inc.php on line 15
[10-Jan-2023 13:03:07 Asia/Calcutta] PHP Warning:  Undefined variable $sql in /var/www/html/test/pimProject/vendor/vrana/adminer/adminer/script.inc.php on line 15
[10-Jan-2023 13:03:07 Asia/Calcutta] PHP Warning:  Undefined variable $sql in /var/www/html/test/pimProject/vendor/vrana/adminer/adminer/script.inc.php on line 15
[10-Jan-2023 13:03:07 Asia/Calcutta] PHP Warning:  Undefined variable $sql in /var/www/html/test/pimProject/vendor/vrana/adminer/adminer/script.inc.php on line 15
[10-Jan-2023 13:03:07 Asia/Calcutta] PHP Warning:  Undefined variable $sql in /var/www/html/test/pimProject/vendor/vrana/adminer/adminer/script.inc.php on line 15
[10-Jan-2023 13:03:07 Asia/Calcutta] PHP Warning:  Undefined variable $sql in /var/www/html/test/pimProject/vendor/vrana/adminer/adminer/script.inc.php on line 15
[10-Jan-2023 23:53:37 Asia/Calcutta] PHP Fatal error:  Cannot use Pimcore\Model\DataObject as DataObject because the name is already in use in /var/www/html/test/pimProject/src/Controller/MyController.php on line 10
[12-Jan-2023 08:15:55 Asia/Calcutta] PHP Fatal error:  Cannot declare class App\Controller\MyController, because the name is already in use in /var/www/html/test/pimProject/src/Controller/FilterController.php on line 17
[12-Jan-2023 08:16:25 Asia/Calcutta] PHP Fatal error:  Cannot declare class App\Controller\MyController, because the name is already in use in /var/www/html/test/pimProject/src/Controller/FilterController.php on line 0
[12-Jan-2023 08:16:55 Asia/Calcutta] PHP Fatal error:  Cannot declare class App\Controller\MyController, because the name is already in use in /var/www/html/test/pimProject/src/Controller/FilterController.php on line 0
[12-Jan-2023 08:17:25 Asia/Calcutta] PHP Fatal error:  Cannot declare class App\Controller\MyController, because the name is already in use in /var/www/html/test/pimProject/src/Controller/FilterController.php on line 0
[12-Jan-2023 08:17:55 Asia/Calcutta] PHP Fatal error:  Cannot declare class App\Controller\MyController, because the name is already in use in /var/www/html/test/pimProject/src/Controller/FilterController.php on line 0
[12-Jan-2023 08:18:25 Asia/Calcutta] PHP Fatal error:  Cannot declare class App\Controller\MyController, because the name is already in use in /var/www/html/test/pimProject/src/Controller/FilterController.php on line 0
[12-Jan-2023 08:18:55 Asia/Calcutta] PHP Fatal error:  Cannot declare class App\Controller\MyController, because the name is already in use in /var/www/html/test/pimProject/src/Controller/FilterController.php on line 0
[12-Jan-2023 08:19:25 Asia/Calcutta] PHP Fatal error:  Cannot declare class App\Controller\MyController, because the name is already in use in /var/www/html/test/pimProject/src/Controller/FilterController.php on line 0
[12-Jan-2023 08:19:52 Asia/Calcutta] PHP Fatal error:  Cannot declare class App\Controller\MyController, because the name is already in use in /var/www/html/test/pimProject/src/Controller/FilterController.php on line 0
[12-Jan-2023 08:19:52 Asia/Calcutta] PHP Fatal error:  Cannot declare class App\Controller\MyController, because the name is already in use in /var/www/html/test/pimProject/src/Controller/FilterController.php on line 0
[12-Jan-2023 13:26:14 Asia/Calcutta] PHP Fatal error:  Cannot redeclare App\Controller\FilterController::showMobile() in /var/www/html/test/pimProject/src/Controller/FilterController.php on line 185
[12-Jan-2023 13:26:44 Asia/Calcutta] PHP Fatal error:  Cannot redeclare App\Controller\FilterController::showLaptop() in /var/www/html/test/pimProject/src/Controller/FilterController.php on line 204
[12-Jan-2023 13:27:14 Asia/Calcutta] 2023-01-12T13:27:14+05:30 [critical] Uncaught Error: syntax error, unexpected token "="
[12-Jan-2023 13:27:44 Asia/Calcutta] 2023-01-12T13:27:44+05:30 [critical] Uncaught Error: syntax error, unexpected token "="
[12-Jan-2023 13:28:14 Asia/Calcutta] PHP Fatal error:  Cannot redeclare App\Controller\FilterController::showLaptop() in /var/www/html/test/pimProject/src/Controller/FilterController.php on line 204
[12-Jan-2023 13:28:44 Asia/Calcutta] PHP Fatal error:  Cannot redeclare App\Controller\FilterController::showLaptop() in /var/www/html/test/pimProject/src/Controller/FilterController.php on line 204
[12-Jan-2023 13:29:14 Asia/Calcutta] PHP Fatal error:  Cannot redeclare App\Controller\FilterController::showLaptop() in /var/www/html/test/pimProject/src/Controller/FilterController.php on line 204
[12-Jan-2023 13:29:44 Asia/Calcutta] PHP Fatal error:  Cannot redeclare App\Controller\FilterController::showMakeup() in /var/www/html/test/pimProject/src/Controller/FilterController.php on line 224
[12-Jan-2023 13:30:14 Asia/Calcutta] PHP Fatal error:  Cannot redeclare App\Controller\FilterController::showMakeup() in /var/www/html/test/pimProject/src/Controller/FilterController.php on line 224
[12-Jan-2023 13:30:44 Asia/Calcutta] PHP Fatal error:  Cannot redeclare App\Controller\FilterController::showMakeup() in /var/www/html/test/pimProject/src/Controller/FilterController.php on line 224
[12-Jan-2023 13:31:14 Asia/Calcutta] PHP Fatal error:  Cannot redeclare App\Controller\FilterController::showMakeup() in /var/www/html/test/pimProject/src/Controller/FilterController.php on line 224
[12-Jan-2023 13:31:44 Asia/Calcutta] PHP Fatal error:  Cannot redeclare App\Controller\FilterController::showMakeup() in /var/www/html/test/pimProject/src/Controller/FilterController.php on line 224
[12-Jan-2023 13:32:14 Asia/Calcutta] PHP Fatal error:  Cannot redeclare App\Controller\FilterController::showMakeup() in /var/www/html/test/pimProject/src/Controller/FilterController.php on line 224
[12-Jan-2023 13:32:44 Asia/Calcutta] PHP Fatal error:  Cannot redeclare App\Controller\FilterController::showMakeup() in /var/www/html/test/pimProject/src/Controller/FilterController.php on line 243
[12-Jan-2023 13:33:14 Asia/Calcutta] PHP Fatal error:  Cannot redeclare App\Controller\FilterController::showMakeup() in /var/www/html/test/pimProject/src/Controller/FilterController.php on line 243
[12-Jan-2023 13:33:44 Asia/Calcutta] PHP Fatal error:  Cannot redeclare App\Controller\FilterController::showMakeup() in /var/www/html/test/pimProject/src/Controller/FilterController.php on line 243
[12-Jan-2023 13:34:14 Asia/Calcutta] PHP Fatal error:  Cannot redeclare App\Controller\FilterController::showMakeup() in /var/www/html/test/pimProject/src/Controller/FilterController.php on line 243
[12-Jan-2023 23:05:32 Asia/Calcutta] 2023-01-12T23:05:32+05:30 [info] User Deprecated: Method "Symfony\Component\HttpKernel\KernelInterface::locateResource()" might add "string" as a native return type declaration in the future. Do the same in implementation "Pimcore\Kernel" now to avoid errors or add an explicit @return annotation to suppress this message.
[12-Jan-2023 23:05:32 Asia/Calcutta] 2023-01-12T23:05:32+05:30 [critical] Uncaught Exception: Failed to remove file "/var/www/html/firstproject/pimProject/var/cache/dev/..UmS/get_Security_Command_DebugFirewall_LazyService.php": unlink(/var/www/html/firstproject/pimProject/var/cache/dev/..UmS/get_Security_Command_DebugFirewall_LazyService.php): Permission denied
[13-Jan-2023 11:06:11 Asia/Calcutta] 2023-01-13T11:06:11+05:30 [critical] Uncaught Exception: The autoloader expected class "App\Command\csvInsert" to be defined in file "/var/www/html/firstproject/pimProject/vendor/composer/../../src/Command/csvInsert.php". The file was found but the class was not in it, the class name or namespace probably has a typo.
[13-Jan-2023 11:06:40 Asia/Calcutta] 2023-01-13T11:06:40+05:30 [critical] Uncaught Exception: Expected to find class "App\Command\csvInsert" in file "/var/www/html/firstproject/pimProject/src/Command/csvInsert.php" while importing services from resource "../src/Command/*", but it was not found! Check the namespace prefix used with the resource in /var/www/html/firstproject/pimProject/config/services.yaml (which is being imported from "/var/www/html/firstproject/pimProject/src/Kernel.php").
[13-Jan-2023 11:07:10 Asia/Calcutta] 2023-01-13T11:07:10+05:30 [critical] Uncaught Exception: Expected to find class "App\Command\csvInsert" in file "/var/www/html/firstproject/pimProject/src/Command/csvInsert.php" while importing services from resource "../src/Command/*", but it was not found! Check the namespace prefix used with the resource in /var/www/html/firstproject/pimProject/config/services.yaml (which is being imported from "/var/www/html/firstproject/pimProject/src/Kernel.php").
[13-Jan-2023 11:15:29 Asia/Calcutta] 2023-01-13T11:15:29+05:30 [info] User Deprecated: Method "Symfony\Component\HttpKernel\KernelInterface::locateResource()" might add "string" as a native return type declaration in the future. Do the same in implementation "Pimcore\Kernel" now to avoid errors or add an explicit @return annotation to suppress this message.
[13-Jan-2023 11:15:29 Asia/Calcutta] 2023-01-13T11:15:29+05:30 [critical] Uncaught Exception: The autoloader expected class "App\Command\csvInsert" to be defined in file "/var/www/html/firstproject/pimProject/vendor/composer/../../src/Command/csvInsert.php". The file was found but the class was not in it, the class name or namespace probably has a typo.
[13-Jan-2023 11:15:36 Asia/Calcutta] 2023-01-13T11:15:36+05:30 [critical] Uncaught Exception: Expected to find class "App\Command\csvInsert" in file "/var/www/html/firstproject/pimProject/src/Command/csvInsert.php" while importing services from resource "../src/Command/*", but it was not found! Check the namespace prefix used with the resource in /var/www/html/firstproject/pimProject/config/services.yaml (which is being imported from "/var/www/html/firstproject/pimProject/src/Kernel.php").
[13-Jan-2023 11:15:36 Asia/Calcutta] 2023-01-13T11:15:36+05:30 [critical] Uncaught Exception: Expected to find class "App\Command\csvInsert" in file "/var/www/html/firstproject/pimProject/src/Command/csvInsert.php" while importing services from resource "../src/Command/*", but it was not found! Check the namespace prefix used with the resource in /var/www/html/firstproject/pimProject/config/services.yaml (which is being imported from "/var/www/html/firstproject/pimProject/src/Kernel.php").
[13-Jan-2023 11:15:36 Asia/Calcutta] 2023-01-13T11:15:36+05:30 [critical] Uncaught Exception: Expected to find class "App\Command\csvInsert" in file "/var/www/html/firstproject/pimProject/src/Command/csvInsert.php" while importing services from resource "../src/Command/*", but it was not found! Check the namespace prefix used with the resource in /var/www/html/firstproject/pimProject/config/services.yaml (which is being imported from "/var/www/html/firstproject/pimProject/src/Kernel.php").
[13-Jan-2023 11:15:36 Asia/Calcutta] 2023-01-13T11:15:36+05:30 [critical] Uncaught Exception: Expected to find class "App\Command\csvInsert" in file "/var/www/html/firstproject/pimProject/src/Command/csvInsert.php" while importing services from resource "../src/Command/*", but it was not found! Check the namespace prefix used with the resource in /var/www/html/firstproject/pimProject/config/services.yaml (which is being imported from "/var/www/html/firstproject/pimProject/src/Kernel.php").
[13-Jan-2023 11:15:36 Asia/Calcutta] 2023-01-13T11:15:36+05:30 [critical] Uncaught Exception: Expected to find class "App\Command\csvInsert" in file "/var/www/html/firstproject/pimProject/src/Command/csvInsert.php" while importing services from resource "../src/Command/*", but it was not found! Check the namespace prefix used with the resource in /var/www/html/firstproject/pimProject/config/services.yaml (which is being imported from "/var/www/html/firstproject/pimProject/src/Kernel.php").
[13-Jan-2023 11:15:37 Asia/Calcutta] 2023-01-13T11:15:37+05:30 [critical] Uncaught Exception: Expected to find class "App\Command\csvInsert" in file "/var/www/html/firstproject/pimProject/src/Command/csvInsert.php" while importing services from resource "../src/Command/*", but it was not found! Check the namespace prefix used with the resource in /var/www/html/firstproject/pimProject/config/services.yaml (which is being imported from "/var/www/html/firstproject/pimProject/src/Kernel.php").
[13-Jan-2023 11:15:37 Asia/Calcutta] 2023-01-13T11:15:37+05:30 [critical] Uncaught Exception: Expected to find class "App\Command\csvInsert" in file "/var/www/html/firstproject/pimProject/src/Command/csvInsert.php" while importing services from resource "../src/Command/*", but it was not found! Check the namespace prefix used with the resource in /var/www/html/firstproject/pimProject/config/services.yaml (which is being imported from "/var/www/html/firstproject/pimProject/src/Kernel.php").
[13-Jan-2023 11:15:37 Asia/Calcutta] 2023-01-13T11:15:37+05:30 [critical] Uncaught Exception: Expected to find class "App\Command\csvInsert" in file "/var/www/html/firstproject/pimProject/src/Command/csvInsert.php" while importing services from resource "../src/Command/*", but it was not found! Check the namespace prefix used with the resource in /var/www/html/firstproject/pimProject/config/services.yaml (which is being imported from "/var/www/html/firstproject/pimProject/src/Kernel.php").
[13-Jan-2023 11:15:37 Asia/Calcutta] 2023-01-13T11:15:37+05:30 [critical] Uncaught Exception: Expected to find class "App\Command\csvInsert" in file "/var/www/html/firstproject/pimProject/src/Command/csvInsert.php" while importing services from resource "../src/Command/*", but it was not found! Check the namespace prefix used with the resource in /var/www/html/firstproject/pimProject/config/services.yaml (which is being imported from "/var/www/html/firstproject/pimProject/src/Kernel.php").
[13-Jan-2023 11:15:55 Asia/Calcutta] 2023-01-13T11:15:55+05:30 [critical] Uncaught Exception: The autoloader expected class "App\Command\csvInsert" to be defined in file "/var/www/html/firstproject/pimProject/vendor/composer/../../src/Command/csvInsert.php". The file was found but the class was not in it, the class name or namespace probably has a typo.
[13-Jan-2023 11:15:56 Asia/Calcutta] 2023-01-13T11:15:56+05:30 [critical] Uncaught Exception: Expected to find class "App\Command\csvInsert" in file "/var/www/html/firstproject/pimProject/src/Command/csvInsert.php" while importing services from resource "../src/Command/*", but it was not found! Check the namespace prefix used with the resource in /var/www/html/firstproject/pimProject/config/services.yaml (which is being imported from "/var/www/html/firstproject/pimProject/src/Kernel.php").
[13-Jan-2023 11:46:16 Asia/Calcutta] PHP Fatal error:  Cannot declare class App\Command\inputImport, because the name is already in use in /var/www/html/firstproject/pimProject/src/Command/csvImport.php on line 18
[13-Jan-2023 11:46:25 Asia/Calcutta] PHP Fatal error:  Cannot declare class App\Command\inputImport, because the name is already in use in /var/www/html/firstproject/pimProject/src/Command/csvImport.php on line 0
[13-Jan-2023 11:46:55 Asia/Calcutta] PHP Fatal error:  Cannot declare class App\Command\inputImport, because the name is already in use in /var/www/html/firstproject/pimProject/src/Command/csvImport.php on line 0
[13-Jan-2023 11:47:25 Asia/Calcutta] PHP Fatal error:  Cannot declare class App\Command\inputImport, because the name is already in use in /var/www/html/firstproject/pimProject/src/Command/csvImport.php on line 0
[13-Jan-2023 11:47:35 Asia/Calcutta] PHP Fatal error:  Cannot declare class App\Command\inputImport, because the name is already in use in /var/www/html/firstproject/pimProject/src/Command/csvImport.php on line 18
[13-Jan-2023 11:47:55 Asia/Calcutta] PHP Fatal error:  Cannot declare class App\Command\inputImport, because the name is already in use in /var/www/html/firstproject/pimProject/src/Command/csvImport.php on line 0
[13-Jan-2023 11:47:57 Asia/Calcutta] PHP Fatal error:  Cannot declare class App\Command\inputImport, because the name is already in use in /var/www/html/firstproject/pimProject/src/Command/csvImport.php on line 18
[13-Jan-2023 11:48:16 Asia/Calcutta] 2023-01-13T11:48:16+05:30 [info] User Deprecated: Method "Symfony\Component\HttpKernel\KernelInterface::locateResource()" might add "string" as a native return type declaration in the future. Do the same in implementation "Pimcore\Kernel" now to avoid errors or add an explicit @return annotation to suppress this message.
[13-Jan-2023 13:09:11 Asia/Calcutta] 2023-01-13T13:09:11+05:30 [critical] Uncaught Exception: The autoloader expected class "App\Command\csvClothingImport" to be defined in file "/var/www/html/firstproject/pimProject/vendor/composer/../../src/Command/csvClothingImport.php". The file was found but the class was not in it, the class name or namespace probably has a typo.
[13-Jan-2023 13:35:31 Asia/Calcutta] PHP Fatal error:  Cannot declare class App\Command\csvClothingImport, because the name is already in use in /var/www/html/firstproject/pimProject/src/Command/csvFootwearImport.php on line 0
[13-Jan-2023 13:35:31 Asia/Calcutta] PHP Fatal error:  Cannot declare class App\Command\csvClothingImport, because the name is already in use in /var/www/html/firstproject/pimProject/src/Command/csvFootwearImport.php on line 0
[13-Jan-2023 13:35:31 Asia/Calcutta] PHP Fatal error:  Cannot declare class App\Command\csvClothingImport, because the name is already in use in /var/www/html/firstproject/pimProject/src/Command/csvFootwearImport.php on line 0
[13-Jan-2023 13:35:31 Asia/Calcutta] PHP Fatal error:  Cannot declare class App\Command\csvClothingImport, because the name is already in use in /var/www/html/firstproject/pimProject/src/Command/csvFootwearImport.php on line 0
[13-Jan-2023 14:24:47 Asia/Calcutta] 2023-01-13T14:24:47+05:30 [info] User Deprecated: Method "Symfony\Component\HttpKernel\KernelInterface::locateResource()" might add "string" as a native return type declaration in the future. Do the same in implementation "Pimcore\Kernel" now to avoid errors or add an explicit @return annotation to suppress this message.
[13-Jan-2023 14:24:47 Asia/Calcutta] 2023-01-13T14:24:47+05:30 [critical] Uncaught Exception: The autoloader expected class "App\Command\csvElectronicsImport" to be defined in file "/var/www/html/firstproject/pimProject/vendor/composer/../../src/Command/csvElectronicsImport.php". The file was found but the class was not in it, the class name or namespace probably has a typo.
