AUTOCREATE
2022-12-27T18:44:23+0530 : 0|Pimcore\Bundle\AdminBundle\Controller\Admin\LoginController::loginAction|pimcore_admin_login|[]|{"perspective":""}
2022-12-27T18:44:24+0530 : 0|Pimcore\Bundle\AdminBundle\Controller\Admin\SettingsController::displayCustomLogoAction|pimcore_settings_display_custom_logo|[]|{"white":"true"}
2022-12-27T18:44:29+0530 : 2|Pimcore\Bundle\AdminBundle\Controller\Admin\IndexController::indexAction|pimcore_admin_index|[]|{"perspective":""}
2022-12-27T18:44:30+0530 : 2|Pimcore\Bundle\AdminBundle\Controller\Admin\MiscController::adminCssAction|pimcore_admin_misc_admincss|[]|[]
2022-12-27T18:44:30+0530 : 2|Pimcore\Bundle\AdminBundle\Controller\Admin\MiscController::jsonTranslationsSystemAction|pimcore_admin_misc_jsontranslationssystem|[]|{"language":"en"}
2022-12-27T18:44:30+0530 : 2|Pimcore\Bundle\AdminBundle\Controller\Admin\UserController::getCurrentUserAction|pimcore_admin_user_getcurrentuser|[]|[]
2022-12-27T18:44:30+0530 : 2|Pimcore\Bundle\AdminBundle\Controller\Admin\MiscController::availableLanguagesAction|pimcore_admin_misc_availablelanguages|[]|[]
2022-12-27T18:44:30+0530 : 2|Pimcore\Bundle\AdminBundle\Controller\Admin\MiscController::scriptProxyAction|pimcore_admin_misc_scriptproxy|[]|{"storageFile":"minified_javascript_core_d41d8cd98f00b20..."}
2022-12-27T18:44:30+0530 : 2|Pimcore\Bundle\AdminBundle\Controller\Admin\MiscController::scriptProxyAction|pimcore_admin_misc_scriptproxy|[]|{"storageFile":"minified_javascript_core_44ec3947584d507..."}
2022-12-27T18:44:30+0530 : 2|Pimcore\Bundle\AdminBundle\Controller\Admin\UserController::getImageAction|pimcore_admin_user_getimage|[]|[]
2022-12-27T18:44:31+0530 : 2|Pimcore\Bundle\AdminBundle\Controller\Admin\SettingsController::displayCustomLogoAction|pimcore_settings_display_custom_logo|[]|[]
2022-12-27T18:44:31+0530 : 2|Pimcore\Bundle\AdminBundle\Controller\Admin\Document\DocumentController::treeGetRootAction|pimcore_admin_document_document_treegetroot|[]|{"id":"1","view":"","elementType":"document"}
2022-12-27T18:44:31+0530 : 2|Pimcore\Bundle\AdminBundle\Controller\Admin\DataObject\DataObjectController::treeGetRootAction|pimcore_admin_dataobject_dataobject_treegetroot|[]|{"id":"","view":"","elementType":"object"}
2022-12-27T18:44:31+0530 : 2|Pimcore\Bundle\AdminBundle\Controller\Admin\PortalController::dashboardListAction|pimcore_admin_portal_dashboardlist|[]|[]
2022-12-27T18:44:31+0530 : 2|Pimcore\Bundle\AdminBundle\Controller\Admin\Asset\AssetController::treeGetRootAction|pimcore_admin_asset_treegetroot|[]|{"id":"1","view":"","elementType":"asset"}
2022-12-27T18:44:31+0530 : 2|Pimcore\Bundle\AdminBundle\Controller\Admin\NotificationController::findLastUnreadAction|pimcore_admin_notification_findlastunread|[]|{"lastUpdate":"1672146871"}
2022-12-27T18:44:31+0530 : 2|Pimcore\Bundle\AdminBundle\Controller\Admin\DataObject\ClassController::getTreeAction|pimcore_admin_dataobject_class_gettree|[]|{"page":"1","start":"0","limit":"25"}
2022-12-27T18:44:31+0530 : 2|Pimcore\Bundle\AdminBundle\Controller\Admin\Document\DocumentController::docTypesGetAction|pimcore_admin_document_document_doctypesget|[]|{"xaction":"read","page":"1","start":"0","limit":"25"}
2022-12-27T18:44:31+0530 : 2|Pimcore\Bundle\AdminBundle\Controller\Admin\DataObject\ClassController::getTreeAction|pimcore_admin_dataobject_class_gettree|[]|{"createAllowed":"true","page":"1","start":"0","limit":"25"}
2022-12-27T18:44:31+0530 : 2|Pimcore\Bundle\AdminBundle\Controller\Admin\SettingsController::getAvailableSitesAction|pimcore_admin_settings_getavailablesites|[]|{"page":"1","start":"0","limit":"25"}
2022-12-27T18:44:31+0530 : 2|Pimcore\Bundle\AdminBundle\Controller\Admin\SettingsController::getAvailableAdminLanguagesAction|pimcore_admin_settings_getavailableadminlanguages|[]|{"page":"1","start":"0","limit":"25"}
2022-12-27T18:44:31+0530 : 2|Pimcore\Bundle\AdminBundle\Controller\Admin\TargetingController::targetGroupListAction|pimcore_admin_targeting_targetgrouplist|[]|{"page":"1","start":"0","limit":"25"}
2022-12-27T18:44:31+0530 : 2|Pimcore\Bundle\AdminBundle\Controller\Reports\CustomReportController::getReportConfigAction|pimcore_admin_reports_customreport_getreportconfig|[]|[]
2022-12-27T18:44:31+0530 : 2|Pimcore\Bundle\AdminBundle\Controller\Admin\DataObject\DataObjectController::treeGetChildsByIdAction|pimcore_admin_dataobject_dataobject_treegetchildsbyid|[]|{"limit":"30","view":"","parentPath":"\/","page":"1","start":"0","node":"1"}
2022-12-27T18:44:38+0530 : 2|Pimcore\Bundle\AdminBundle\Controller\Admin\IndexController::statisticsAction|pimcore_admin_index_statistics|[]|[]
2022-12-27T18:45:01+0530 : 2|Pimcore\Bundle\AdminBundle\Controller\Admin\NotificationController::findLastUnreadAction|pimcore_admin_notification_findlastunread|[]|{"lastUpdate":"1672146871"}
2022-12-27T18:45:31+0530 : 2|Pimcore\Bundle\AdminBundle\Controller\Admin\NotificationController::findLastUnreadAction|pimcore_admin_notification_findlastunread|[]|{"lastUpdate":"1672146901"}
2022-12-27T18:46:01+0530 : 2|Pimcore\Bundle\AdminBundle\Controller\Admin\NotificationController::findLastUnreadAction|pimcore_admin_notification_findlastunread|[]|{"lastUpdate":"1672146931"}
2022-12-27T19:07:32+0530 : 2|Pimcore\Bundle\AdminBundle\Controller\Admin\MiscController::pingAction|pimcore_admin_misc_ping|[]|[]
2022-12-27T19:23:31+0530 : 2|Pimcore\Bundle\AdminBundle\Controller\Admin\NotificationController::findLastUnreadAction|pimcore_admin_notification_findlastunread|[]|{"lastUpdate":"1672146961"}
2022-12-27T19:24:01+0530 : 2|Pimcore\Bundle\AdminBundle\Controller\Admin\NotificationController::findLastUnreadAction|pimcore_admin_notification_findlastunread|[]|{"lastUpdate":"1672149211"}
2022-12-27T19:24:31+0530 : 2|Pimcore\Bundle\AdminBundle\Controller\Admin\NotificationController::findLastUnreadAction|pimcore_admin_notification_findlastunread|[]|{"lastUpdate":"1672149241"}
2022-12-27T19:25:01+0530 : 2|Pimcore\Bundle\AdminBundle\Controller\Admin\NotificationController::findLastUnreadAction|pimcore_admin_notification_findlastunread|[]|{"lastUpdate":"1672149271"}
2022-12-27T19:25:31+0530 : 2|Pimcore\Bundle\AdminBundle\Controller\Admin\NotificationController::findLastUnreadAction|pimcore_admin_notification_findlastunread|[]|{"lastUpdate":"1672149301"}
2022-12-27T19:26:01+0530 : 2|Pimcore\Bundle\AdminBundle\Controller\Admin\NotificationController::findLastUnreadAction|pimcore_admin_notification_findlastunread|[]|{"lastUpdate":"1672149331"}
2022-12-27T19:30:32+0530 : 2|Pimcore\Bundle\AdminBundle\Controller\Admin\MiscController::pingAction|pimcore_admin_misc_ping|[]|[]
2022-12-27T19:53:32+0530 : 2|Pimcore\Bundle\AdminBundle\Controller\Admin\MiscController::pingAction|pimcore_admin_misc_ping|[]|[]
2022-12-27T20:06:02+0530 : 2|Pimcore\Bundle\AdminBundle\Controller\Admin\NotificationController::findLastUnreadAction|pimcore_admin_notification_findlastunread|[]|{"lastUpdate":"1672149361"}
2022-12-27T20:16:32+0530 : 2|Pimcore\Bundle\AdminBundle\Controller\Admin\MiscController::pingAction|pimcore_admin_misc_ping|[]|[]
2022-12-27T20:19:14+0530 : 2|Pimcore\Bundle\AdminBundle\Controller\Admin\NotificationController::findLastUnreadAction|pimcore_admin_notification_findlastunread|[]|{"lastUpdate":"1672151762"}
2022-12-28T11:24:26+0530 : 0|Pimcore\Bundle\AdminBundle\Controller\Admin\LoginController::loginAction|pimcore_admin_login|[]|{"perspective":""}
2022-12-28T11:24:26+0530 : 0|Pimcore\Bundle\AdminBundle\Controller\Admin\SettingsController::displayCustomLogoAction|pimcore_settings_display_custom_logo|[]|{"white":"true"}
2022-12-28T11:24:31+0530 : 2|Pimcore\Bundle\AdminBundle\Controller\Admin\IndexController::indexAction|pimcore_admin_index|[]|{"perspective":""}
2022-12-28T11:24:31+0530 : 2|Pimcore\Bundle\AdminBundle\Controller\Admin\MiscController::adminCssAction|pimcore_admin_misc_admincss|[]|[]
2022-12-28T11:24:31+0530 : 2|Pimcore\Bundle\AdminBundle\Controller\Admin\MiscController::jsonTranslationsSystemAction|pimcore_admin_misc_jsontranslationssystem|[]|{"language":"en"}
2022-12-28T11:24:31+0530 : 2|Pimcore\Bundle\AdminBundle\Controller\Admin\UserController::getCurrentUserAction|pimcore_admin_user_getcurrentuser|[]|[]
2022-12-28T11:24:31+0530 : 2|Pimcore\Bundle\AdminBundle\Controller\Admin\MiscController::availableLanguagesAction|pimcore_admin_misc_availablelanguages|[]|[]
2022-12-28T11:24:31+0530 : 2|Pimcore\Bundle\AdminBundle\Controller\Admin\MiscController::scriptProxyAction|pimcore_admin_misc_scriptproxy|[]|{"storageFile":"minified_javascript_core_d41d8cd98f00b20..."}
2022-12-28T11:24:31+0530 : 2|Pimcore\Bundle\AdminBundle\Controller\Admin\MiscController::scriptProxyAction|pimcore_admin_misc_scriptproxy|[]|{"storageFile":"minified_javascript_core_44ec3947584d507..."}
2022-12-28T11:24:31+0530 : 2|Pimcore\Bundle\AdminBundle\Controller\Admin\UserController::getImageAction|pimcore_admin_user_getimage|[]|[]
2022-12-28T11:24:32+0530 : 2|Pimcore\Bundle\AdminBundle\Controller\Admin\SettingsController::displayCustomLogoAction|pimcore_settings_display_custom_logo|[]|[]
2022-12-28T11:24:32+0530 : 2|Pimcore\Bundle\AdminBundle\Controller\Admin\Document\DocumentController::treeGetRootAction|pimcore_admin_document_document_treegetroot|[]|{"id":"1","view":"","elementType":"document"}
2022-12-28T11:24:32+0530 : 2|Pimcore\Bundle\AdminBundle\Controller\Admin\Asset\AssetController::treeGetRootAction|pimcore_admin_asset_treegetroot|[]|{"id":"1","view":"","elementType":"asset"}
2022-12-28T11:24:32+0530 : 2|Pimcore\Bundle\AdminBundle\Controller\Admin\PortalController::dashboardListAction|pimcore_admin_portal_dashboardlist|[]|[]
2022-12-28T11:24:32+0530 : 2|Pimcore\Bundle\AdminBundle\Controller\Admin\DataObject\DataObjectController::treeGetRootAction|pimcore_admin_dataobject_dataobject_treegetroot|[]|{"id":"","view":"","elementType":"object"}
2022-12-28T11:24:32+0530 : 2|Pimcore\Bundle\AdminBundle\Controller\Admin\NotificationController::findLastUnreadAction|pimcore_admin_notification_findlastunread|[]|{"lastUpdate":"1672206872"}
2022-12-28T11:24:32+0530 : 2|Pimcore\Bundle\AdminBundle\Controller\Admin\DataObject\ClassController::getTreeAction|pimcore_admin_dataobject_class_gettree|[]|{"page":"1","start":"0","limit":"25"}
2022-12-28T11:24:32+0530 : 2|Pimcore\Bundle\AdminBundle\Controller\Admin\Document\DocumentController::docTypesGetAction|pimcore_admin_document_document_doctypesget|[]|{"xaction":"read","page":"1","start":"0","limit":"25"}
2022-12-28T11:24:32+0530 : 2|Pimcore\Bundle\AdminBundle\Controller\Admin\DataObject\ClassController::getTreeAction|pimcore_admin_dataobject_class_gettree|[]|{"createAllowed":"true","page":"1","start":"0","limit":"25"}
2022-12-28T11:24:32+0530 : 2|Pimcore\Bundle\AdminBundle\Controller\Admin\SettingsController::getAvailableAdminLanguagesAction|pimcore_admin_settings_getavailableadminlanguages|[]|{"page":"1","start":"0","limit":"25"}
2022-12-28T11:24:32+0530 : 2|Pimcore\Bundle\AdminBundle\Controller\Admin\SettingsController::getAvailableSitesAction|pimcore_admin_settings_getavailablesites|[]|{"page":"1","start":"0","limit":"25"}
2022-12-28T11:24:32+0530 : 2|Pimcore\Bundle\AdminBundle\Controller\Admin\TargetingController::targetGroupListAction|pimcore_admin_targeting_targetgrouplist|[]|{"page":"1","start":"0","limit":"25"}
2022-12-28T11:24:32+0530 : 2|Pimcore\Bundle\AdminBundle\Controller\Reports\CustomReportController::getReportConfigAction|pimcore_admin_reports_customreport_getreportconfig|[]|[]
2022-12-28T11:24:32+0530 : 2|Pimcore\Bundle\AdminBundle\Controller\Admin\DataObject\DataObjectController::treeGetChildsByIdAction|pimcore_admin_dataobject_dataobject_treegetchildsbyid|[]|{"limit":"30","view":"","parentPath":"\/","page":"1","start":"0","node":"1"}
2022-12-28T11:24:39+0530 : 2|Pimcore\Bundle\AdminBundle\Controller\Admin\IndexController::statisticsAction|pimcore_admin_index_statistics|[]|[]
2022-12-28T11:40:03+0530 : 2|Pimcore\Bundle\AdminBundle\Controller\Admin\NotificationController::findLastUnreadAction|pimcore_admin_notification_findlastunread|[]|{"lastUpdate":"1672206872"}
2022-12-28T11:47:32+0530 : 2|Pimcore\Bundle\AdminBundle\Controller\Admin\MiscController::pingAction|pimcore_admin_misc_ping|[]|[]
2022-12-28T15:52:53+0530 : 0|Pimcore\Bundle\AdminBundle\Controller\Admin\LoginController::loginAction|pimcore_admin_login|[]|{"session_expired":"true","server_error":"true"}
2022-12-28T15:52:53+0530 : 0|Pimcore\Bundle\AdminBundle\Controller\Admin\SettingsController::displayCustomLogoAction|pimcore_settings_display_custom_logo|[]|{"white":"true"}
2022-12-28T16:15:54+0530 : 0|Pimcore\Bundle\AdminBundle\Controller\Admin\LoginController::csrfTokenAction|pimcore_admin_login_csrf_token|[]|[]
2022-12-28T16:34:15+0530 : 0|Pimcore\Bundle\AdminBundle\Controller\Admin\LoginController::loginAction|pimcore_admin_login|[]|{"perspective":""}
2022-12-28T16:34:15+0530 : 0|Pimcore\Bundle\AdminBundle\Controller\Admin\SettingsController::displayCustomLogoAction|pimcore_settings_display_custom_logo|[]|{"white":"true"}
2022-12-28T16:35:04+0530 : 0|Pimcore\Bundle\AdminBundle\Controller\Admin\LoginController::csrfTokenAction|pimcore_admin_login_csrf_token|[]|[]
2022-12-28T16:38:54+0530 : 0|Pimcore\Bundle\AdminBundle\Controller\Admin\LoginController::csrfTokenAction|pimcore_admin_login_csrf_token|[]|[]
2022-12-28T16:57:15+0530 : 0|Pimcore\Bundle\AdminBundle\Controller\Admin\LoginController::csrfTokenAction|pimcore_admin_login_csrf_token|[]|[]
2022-12-28T17:01:54+0530 : 0|Pimcore\Bundle\AdminBundle\Controller\Admin\LoginController::csrfTokenAction|pimcore_admin_login_csrf_token|[]|[]
2022-12-28T17:14:21+0530 : 0|Pimcore\Bundle\AdminBundle\Controller\Admin\LoginController::csrfTokenAction|pimcore_admin_login_csrf_token|[]|[]
2022-12-28T17:14:29+0530 : 0|Pimcore\Bundle\AdminBundle\Controller\Admin\LoginController::csrfTokenAction|pimcore_admin_login_csrf_token|[]|[]
2022-12-28T17:17:22+0530 : 0|Pimcore\Bundle\AdminBundle\Controller\Admin\LoginController::csrfTokenAction|pimcore_admin_login_csrf_token|[]|[]
2022-12-28T17:17:28+0530 : 0|Pimcore\Bundle\AdminBundle\Controller\Admin\LoginController::csrfTokenAction|pimcore_admin_login_csrf_token|[]|[]
2022-12-28T17:29:19+0530 : 0|Pimcore\Bundle\AdminBundle\Controller\Admin\LoginController::csrfTokenAction|pimcore_admin_login_csrf_token|[]|[]
2022-12-28T17:29:28+0530 : 0|Pimcore\Bundle\AdminBundle\Controller\Admin\LoginController::csrfTokenAction|pimcore_admin_login_csrf_token|[]|[]
2022-12-28T17:33:58+0530 : 0|Pimcore\Bundle\AdminBundle\Controller\Admin\LoginController::csrfTokenAction|pimcore_admin_login_csrf_token|[]|[]
2022-12-28T17:52:19+0530 : 0|Pimcore\Bundle\AdminBundle\Controller\Admin\LoginController::csrfTokenAction|pimcore_admin_login_csrf_token|[]|[]
2022-12-28T17:56:58+0530 : 0|Pimcore\Bundle\AdminBundle\Controller\Admin\LoginController::csrfTokenAction|pimcore_admin_login_csrf_token|[]|[]
2022-12-28T18:55:27+0530 : 0|Pimcore\Bundle\AdminBundle\Controller\Admin\LoginController::csrfTokenAction|pimcore_admin_login_csrf_token|[]|[]
2022-12-28T18:55:36+0530 : 2|Pimcore\Bundle\AdminBundle\Controller\Admin\IndexController::indexAction|pimcore_admin_index|[]|{"perspective":""}
2022-12-28T18:55:36+0530 : 2|Pimcore\Bundle\AdminBundle\Controller\Admin\MiscController::adminCssAction|pimcore_admin_misc_admincss|[]|[]
2022-12-28T18:55:37+0530 : 2|Pimcore\Bundle\AdminBundle\Controller\Admin\MiscController::jsonTranslationsSystemAction|pimcore_admin_misc_jsontranslationssystem|[]|{"language":"en"}
2022-12-28T18:55:37+0530 : 2|Pimcore\Bundle\AdminBundle\Controller\Admin\UserController::getCurrentUserAction|pimcore_admin_user_getcurrentuser|[]|[]
2022-12-28T18:55:37+0530 : 2|Pimcore\Bundle\AdminBundle\Controller\Admin\MiscController::availableLanguagesAction|pimcore_admin_misc_availablelanguages|[]|[]
2022-12-28T18:55:37+0530 : 2|Pimcore\Bundle\AdminBundle\Controller\Admin\MiscController::scriptProxyAction|pimcore_admin_misc_scriptproxy|[]|{"storageFile":"minified_javascript_core_44ec3947584d507..."}
2022-12-28T18:55:37+0530 : 2|Pimcore\Bundle\AdminBundle\Controller\Admin\MiscController::scriptProxyAction|pimcore_admin_misc_scriptproxy|[]|{"storageFile":"minified_javascript_core_d41d8cd98f00b20..."}
2022-12-28T18:55:37+0530 : 2|Pimcore\Bundle\AdminBundle\Controller\Admin\UserController::getImageAction|pimcore_admin_user_getimage|[]|[]
2022-12-28T18:55:37+0530 : 2|Pimcore\Bundle\AdminBundle\Controller\Admin\SettingsController::displayCustomLogoAction|pimcore_settings_display_custom_logo|[]|[]
2022-12-28T18:55:37+0530 : 2|Pimcore\Bundle\AdminBundle\Controller\Admin\Document\DocumentController::treeGetRootAction|pimcore_admin_document_document_treegetroot|[]|{"id":"1","view":"","elementType":"document"}
2022-12-28T18:55:37+0530 : 2|Pimcore\Bundle\AdminBundle\Controller\Admin\Asset\AssetController::treeGetRootAction|pimcore_admin_asset_treegetroot|[]|{"id":"1","view":"","elementType":"asset"}
2022-12-28T18:55:37+0530 : 2|Pimcore\Bundle\AdminBundle\Controller\Admin\PortalController::dashboardListAction|pimcore_admin_portal_dashboardlist|[]|[]
2022-12-28T18:55:37+0530 : 2|Pimcore\Bundle\AdminBundle\Controller\Admin\NotificationController::findLastUnreadAction|pimcore_admin_notification_findlastunread|[]|{"lastUpdate":"1672233937"}
2022-12-28T18:55:37+0530 : 2|Pimcore\Bundle\AdminBundle\Controller\Admin\DataObject\DataObjectController::treeGetRootAction|pimcore_admin_dataobject_dataobject_treegetroot|[]|{"id":"","view":"","elementType":"object"}
2022-12-28T18:55:37+0530 : 2|Pimcore\Bundle\AdminBundle\Controller\Admin\SettingsController::getAvailableSitesAction|pimcore_admin_settings_getavailablesites|[]|{"page":"1","start":"0","limit":"25"}
2022-12-28T18:55:37+0530 : 2|Pimcore\Bundle\AdminBundle\Controller\Admin\Document\DocumentController::docTypesGetAction|pimcore_admin_document_document_doctypesget|[]|{"xaction":"read","page":"1","start":"0","limit":"25"}
2022-12-28T18:55:37+0530 : 2|Pimcore\Bundle\AdminBundle\Controller\Admin\DataObject\ClassController::getTreeAction|pimcore_admin_dataobject_class_gettree|[]|{"page":"1","start":"0","limit":"25"}
2022-12-28T18:55:37+0530 : 2|Pimcore\Bundle\AdminBundle\Controller\Admin\SettingsController::getAvailableAdminLanguagesAction|pimcore_admin_settings_getavailableadminlanguages|[]|{"page":"1","start":"0","limit":"25"}
2022-12-28T18:55:37+0530 : 2|Pimcore\Bundle\AdminBundle\Controller\Admin\DataObject\ClassController::getTreeAction|pimcore_admin_dataobject_class_gettree|[]|{"createAllowed":"true","page":"1","start":"0","limit":"25"}
2022-12-28T18:55:37+0530 : 2|Pimcore\Bundle\AdminBundle\Controller\Admin\TargetingController::targetGroupListAction|pimcore_admin_targeting_targetgrouplist|[]|{"page":"1","start":"0","limit":"25"}
2022-12-28T18:55:38+0530 : 2|Pimcore\Bundle\AdminBundle\Controller\Reports\CustomReportController::getReportConfigAction|pimcore_admin_reports_customreport_getreportconfig|[]|[]
2022-12-28T18:55:38+0530 : 2|Pimcore\Bundle\AdminBundle\Controller\Admin\DataObject\DataObjectController::treeGetChildsByIdAction|pimcore_admin_dataobject_dataobject_treegetchildsbyid|[]|{"limit":"30","view":"","parentPath":"\/","page":"1","start":"0","node":"1"}
2022-12-28T18:55:45+0530 : 2|Pimcore\Bundle\AdminBundle\Controller\Admin\IndexController::statisticsAction|pimcore_admin_index_statistics|[]|[]
2022-12-28T19:14:53+0530 : 2|Pimcore\Bundle\AdminBundle\Controller\Admin\LoginController::csrfTokenAction|pimcore_admin_login_csrf_token|[]|[]
2022-12-28T19:17:23+0530 : 2|Pimcore\Bundle\AdminBundle\Controller\Admin\NotificationController::findLastUnreadAction|pimcore_admin_notification_findlastunread|[]|{"lastUpdate":"1672233937"}
2022-12-28T19:17:28+0530 : 2|Pimcore\Bundle\AdminBundle\Controller\Admin\LoginController::csrfTokenAction|pimcore_admin_login_csrf_token|[]|[]
2022-12-28T20:59:27+0530 : 0|Pimcore\Bundle\AdminBundle\Controller\Admin\LoginController::loginAction|pimcore_admin_login|[]|{"perspective":""}
2022-12-28T20:59:27+0530 : 0|Pimcore\Bundle\AdminBundle\Controller\Admin\SettingsController::displayCustomLogoAction|pimcore_settings_display_custom_logo|[]|{"white":"true"}
2022-12-28T20:59:38+0530 : 2|Pimcore\Bundle\AdminBundle\Controller\Admin\IndexController::indexAction|pimcore_admin_index|[]|{"perspective":""}
2022-12-28T20:59:38+0530 : 2|Pimcore\Bundle\AdminBundle\Controller\Admin\MiscController::adminCssAction|pimcore_admin_misc_admincss|[]|[]
2022-12-28T20:59:39+0530 : 2|Pimcore\Bundle\AdminBundle\Controller\Admin\MiscController::jsonTranslationsSystemAction|pimcore_admin_misc_jsontranslationssystem|[]|{"language":"en"}
2022-12-28T20:59:39+0530 : 2|Pimcore\Bundle\AdminBundle\Controller\Admin\MiscController::availableLanguagesAction|pimcore_admin_misc_availablelanguages|[]|[]
2022-12-28T20:59:39+0530 : 2|Pimcore\Bundle\AdminBundle\Controller\Admin\UserController::getCurrentUserAction|pimcore_admin_user_getcurrentuser|[]|[]
2022-12-28T20:59:39+0530 : 2|Pimcore\Bundle\AdminBundle\Controller\Admin\MiscController::scriptProxyAction|pimcore_admin_misc_scriptproxy|[]|{"storageFile":"minified_javascript_core_44ec3947584d507..."}
2022-12-28T20:59:39+0530 : 2|Pimcore\Bundle\AdminBundle\Controller\Admin\MiscController::scriptProxyAction|pimcore_admin_misc_scriptproxy|[]|{"storageFile":"minified_javascript_core_d41d8cd98f00b20..."}
2022-12-28T20:59:39+0530 : 2|Pimcore\Bundle\AdminBundle\Controller\Admin\UserController::getImageAction|pimcore_admin_user_getimage|[]|[]
2022-12-28T20:59:39+0530 : 2|Pimcore\Bundle\AdminBundle\Controller\Admin\SettingsController::displayCustomLogoAction|pimcore_settings_display_custom_logo|[]|[]
2022-12-28T20:59:39+0530 : 2|Pimcore\Bundle\AdminBundle\Controller\Admin\Document\DocumentController::treeGetRootAction|pimcore_admin_document_document_treegetroot|[]|{"id":"1","view":"","elementType":"document"}
2022-12-28T20:59:39+0530 : 2|Pimcore\Bundle\AdminBundle\Controller\Admin\DataObject\DataObjectController::treeGetRootAction|pimcore_admin_dataobject_dataobject_treegetroot|[]|{"id":"","view":"","elementType":"object"}
2022-12-28T20:59:39+0530 : 2|Pimcore\Bundle\AdminBundle\Controller\Admin\PortalController::dashboardListAction|pimcore_admin_portal_dashboardlist|[]|[]
2022-12-28T20:59:39+0530 : 2|Pimcore\Bundle\AdminBundle\Controller\Admin\Asset\AssetController::treeGetRootAction|pimcore_admin_asset_treegetroot|[]|{"id":"1","view":"","elementType":"asset"}
2022-12-28T20:59:39+0530 : 2|Pimcore\Bundle\AdminBundle\Controller\Admin\NotificationController::findLastUnreadAction|pimcore_admin_notification_findlastunread|[]|{"lastUpdate":"1672241379"}
2022-12-28T20:59:39+0530 : 2|Pimcore\Bundle\AdminBundle\Controller\Admin\DataObject\ClassController::getTreeAction|pimcore_admin_dataobject_class_gettree|[]|{"page":"1","start":"0","limit":"25"}
2022-12-28T20:59:39+0530 : 2|Pimcore\Bundle\AdminBundle\Controller\Admin\DataObject\ClassController::getTreeAction|pimcore_admin_dataobject_class_gettree|[]|{"createAllowed":"true","page":"1","start":"0","limit":"25"}
2022-12-28T20:59:39+0530 : 2|Pimcore\Bundle\AdminBundle\Controller\Admin\Document\DocumentController::docTypesGetAction|pimcore_admin_document_document_doctypesget|[]|{"xaction":"read","page":"1","start":"0","limit":"25"}
2022-12-28T20:59:39+0530 : 2|Pimcore\Bundle\AdminBundle\Controller\Admin\SettingsController::getAvailableAdminLanguagesAction|pimcore_admin_settings_getavailableadminlanguages|[]|{"page":"1","start":"0","limit":"25"}
2022-12-28T20:59:39+0530 : 2|Pimcore\Bundle\AdminBundle\Controller\Admin\TargetingController::targetGroupListAction|pimcore_admin_targeting_targetgrouplist|[]|{"page":"1","start":"0","limit":"25"}
2022-12-28T20:59:39+0530 : 2|Pimcore\Bundle\AdminBundle\Controller\Admin\SettingsController::getAvailableSitesAction|pimcore_admin_settings_getavailablesites|[]|{"page":"1","start":"0","limit":"25"}
2022-12-28T20:59:39+0530 : 2|Pimcore\Bundle\AdminBundle\Controller\Reports\CustomReportController::getReportConfigAction|pimcore_admin_reports_customreport_getreportconfig|[]|[]
2022-12-28T20:59:39+0530 : 2|Pimcore\Bundle\AdminBundle\Controller\Admin\DataObject\DataObjectController::treeGetChildsByIdAction|pimcore_admin_dataobject_dataobject_treegetchildsbyid|[]|{"limit":"30","view":"","parentPath":"\/","page":"1","start":"0","node":"1"}
2022-12-28T20:59:46+0530 : 2|Pimcore\Bundle\AdminBundle\Controller\Admin\IndexController::statisticsAction|pimcore_admin_index_statistics|[]|[]
2022-12-28T21:00:09+0530 : 2|Pimcore\Bundle\AdminBundle\Controller\Admin\NotificationController::findLastUnreadAction|pimcore_admin_notification_findlastunread|[]|{"lastUpdate":"1672241379"}
2022-12-28T21:00:14+0530 : 2|Pimcore\Bundle\AdminBundle\Controller\Admin\NotificationController::findAllAction|pimcore_admin_notification_findall|[]|{"xaction":"read","page":"1","start":"0","limit":"50"}
2022-12-28T21:00:39+0530 : 2|Pimcore\Bundle\AdminBundle\Controller\Admin\NotificationController::findLastUnreadAction|pimcore_admin_notification_findlastunread|[]|{"lastUpdate":"1672241409"}
2022-12-28T21:01:06+0530 : 2|Pimcore\Bundle\AdminBundle\Controller\Admin\DataObject\ClassController::getTreeAction|pimcore_admin_dataobject_class_gettree|[]|{"grouped":"1","withId":"1","node":"0"}
2022-12-28T21:01:07+0530 : 2|Pimcore\Bundle\AdminBundle\Controller\Admin\DataObject\ClassController::suggestClassIdentifierAction|pimcore_admin_dataobject_class_suggestclassidentifier|[]|[]
2022-12-28T21:01:09+0530 : 2|Pimcore\Bundle\AdminBundle\Controller\Admin\NotificationController::findLastUnreadAction|pimcore_admin_notification_findlastunread|[]|{"lastUpdate":"1672241439"}
2022-12-28T21:01:18+0530 : 2|Pimcore\Bundle\AdminBundle\Controller\Admin\DataObject\ClassController::addAction|pimcore_admin_dataobject_class_add|[]|{"className":"Product","classIdentifier":"product"}
2022-12-28T21:01:19+0530 : 2|Pimcore\Bundle\AdminBundle\Controller\Admin\DataObject\ClassController::getTreeAction|pimcore_admin_dataobject_class_gettree|[]|{"grouped":"1","withId":"1","node":"0"}
2022-12-28T21:01:19+0530 : 2|Pimcore\Bundle\AdminBundle\Controller\Admin\DataObject\ClassController::getTreeAction|pimcore_admin_dataobject_class_gettree|[]|{"page":"1","start":"0","limit":"25"}
2022-12-28T21:01:19+0530 : 2|Pimcore\Bundle\AdminBundle\Controller\Admin\DataObject\ClassController::getAction|pimcore_admin_dataobject_class_get|[]|{"id":"product"}
2022-12-28T21:01:19+0530 : 2|Pimcore\Bundle\AdminBundle\Controller\Admin\DataObject\ClassController::getTreeAction|pimcore_admin_dataobject_class_gettree|[]|{"createAllowed":"true","page":"1","start":"0","limit":"25"}
2022-12-28T21:01:19+0530 : 2|Pimcore\Bundle\AdminBundle\Controller\Admin\IndexController::indexAction|pimcore_admin_index|[]|{"perspective":""}
2022-12-28T21:01:19+0530 : 2|Pimcore\Bundle\AdminBundle\Controller\Admin\DataObject\ClassController::getBrickUsagesAction|pimcore_admin_dataobject_class_getbrickusages|[]|{"classId":"product","page":"1","start":"0","limit":"25"}
2022-12-28T21:01:39+0530 : 2|Pimcore\Bundle\AdminBundle\Controller\Admin\TranslationController::addAdminTranslationKeysAction|pimcore_admin_translation_addadmintranslationkeys|[]|{"keys":"[\"Product\"]"}
2022-12-28T21:01:39+0530 : 2|Pimcore\Bundle\AdminBundle\Controller\Admin\NotificationController::findLastUnreadAction|pimcore_admin_notification_findlastunread|[]|{"lastUpdate":"1672241469"}
2022-12-28T21:01:54+0530 : 2|Pimcore\Bundle\AdminBundle\Controller\Admin\DataObject\ClassController::deleteAction|pimcore_admin_dataobject_class_delete|[]|{"id":"product"}
2022-12-28T21:01:55+0530 : 2|Pimcore\Bundle\AdminBundle\Controller\Admin\DataObject\ClassController::getTreeAction|pimcore_admin_dataobject_class_gettree|[]|{"grouped":"1","withId":"1"}
2022-12-28T21:01:55+0530 : 2|Pimcore\Bundle\AdminBundle\Controller\Admin\DataObject\DataObjectController::treeGetChildsByIdAction|pimcore_admin_dataobject_dataobject_treegetchildsbyid|[]|{"limit":"30","view":"","parentPath":"\/","fromPaging":"0","start":"0","page":"1","node":"1"}
2022-12-28T21:01:55+0530 : 2|Pimcore\Bundle\AdminBundle\Controller\Admin\DataObject\ClassController::getTreeAction|pimcore_admin_dataobject_class_gettree|[]|{"page":"1","start":"0","limit":"25"}
2022-12-28T21:01:55+0530 : 2|Pimcore\Bundle\AdminBundle\Controller\Admin\DataObject\ClassController::getTreeAction|pimcore_admin_dataobject_class_gettree|[]|{"createAllowed":"true","page":"1","start":"0","limit":"25"}
2022-12-28T21:02:09+0530 : 2|Pimcore\Bundle\AdminBundle\Controller\Admin\NotificationController::findLastUnreadAction|pimcore_admin_notification_findlastunread|[]|{"lastUpdate":"1672241499"}
2022-12-28T21:02:39+0530 : 2|Pimcore\Bundle\AdminBundle\Controller\Admin\NotificationController::findLastUnreadAction|pimcore_admin_notification_findlastunread|[]|{"lastUpdate":"1672241529"}
2022-12-28T21:03:09+0530 : 2|Pimcore\Bundle\AdminBundle\Controller\Admin\NotificationController::findLastUnreadAction|pimcore_admin_notification_findlastunread|[]|{"lastUpdate":"1672241559"}
2022-12-28T21:03:39+0530 : 2|Pimcore\Bundle\AdminBundle\Controller\Admin\NotificationController::findLastUnreadAction|pimcore_admin_notification_findlastunread|[]|{"lastUpdate":"1672241589"}
2022-12-28T21:04:09+0530 : 2|Pimcore\Bundle\AdminBundle\Controller\Admin\NotificationController::findLastUnreadAction|pimcore_admin_notification_findlastunread|[]|{"lastUpdate":"1672241619"}
2022-12-28T21:04:39+0530 : 2|Pimcore\Bundle\AdminBundle\Controller\Admin\NotificationController::findLastUnreadAction|pimcore_admin_notification_findlastunread|[]|{"lastUpdate":"1672241649"}
2022-12-28T21:05:09+0530 : 2|Pimcore\Bundle\AdminBundle\Controller\Admin\NotificationController::findLastUnreadAction|pimcore_admin_notification_findlastunread|[]|{"lastUpdate":"1672241679"}
2022-12-28T21:05:39+0530 : 2|Pimcore\Bundle\AdminBundle\Controller\Admin\NotificationController::findLastUnreadAction|pimcore_admin_notification_findlastunread|[]|{"lastUpdate":"1672241709"}
2022-12-28T21:06:09+0530 : 2|Pimcore\Bundle\AdminBundle\Controller\Admin\NotificationController::findLastUnreadAction|pimcore_admin_notification_findlastunread|[]|{"lastUpdate":"1672241739"}
2022-12-28T21:06:39+0530 : 2|Pimcore\Bundle\AdminBundle\Controller\Admin\NotificationController::findLastUnreadAction|pimcore_admin_notification_findlastunread|[]|{"lastUpdate":"1672241769"}
2022-12-28T21:07:09+0530 : 2|Pimcore\Bundle\AdminBundle\Controller\Admin\NotificationController::findLastUnreadAction|pimcore_admin_notification_findlastunread|[]|{"lastUpdate":"1672241799"}
2022-12-28T21:07:39+0530 : 2|Pimcore\Bundle\AdminBundle\Controller\Admin\NotificationController::findLastUnreadAction|pimcore_admin_notification_findlastunread|[]|{"lastUpdate":"1672241829"}
2022-12-28T21:08:09+0530 : 2|Pimcore\Bundle\AdminBundle\Controller\Admin\NotificationController::findLastUnreadAction|pimcore_admin_notification_findlastunread|[]|{"lastUpdate":"1672241859"}
2023-01-02T14:30:07+0530 : 0|Pimcore\Bundle\AdminBundle\Controller\Admin\LoginController::loginAction|pimcore_admin_login|[]|{"perspective":""}
2023-01-02T14:30:07+0530 : 0|Pimcore\Bundle\AdminBundle\Controller\Admin\SettingsController::displayCustomLogoAction|pimcore_settings_display_custom_logo|[]|{"white":"true"}
2023-01-02T14:30:07+0530 : 0|Pimcore\Bundle\AdminBundle\Controller\Admin\LoginController::loginAction|pimcore_admin_login|[]|{"perspective":""}
2023-01-02T14:30:12+0530 : 2|Pimcore\Bundle\AdminBundle\Controller\Admin\IndexController::indexAction|pimcore_admin_index|[]|{"perspective":""}
2023-01-02T14:30:12+0530 : 2|Pimcore\Bundle\AdminBundle\Controller\Admin\MiscController::adminCssAction|pimcore_admin_misc_admincss|[]|[]
2023-01-02T14:30:13+0530 : 2|Pimcore\Bundle\AdminBundle\Controller\Admin\MiscController::jsonTranslationsSystemAction|pimcore_admin_misc_jsontranslationssystem|[]|{"language":"en"}
2023-01-02T14:30:13+0530 : 2|Pimcore\Bundle\AdminBundle\Controller\Admin\MiscController::availableLanguagesAction|pimcore_admin_misc_availablelanguages|[]|[]
2023-01-02T14:30:13+0530 : 2|Pimcore\Bundle\AdminBundle\Controller\Admin\UserController::getCurrentUserAction|pimcore_admin_user_getcurrentuser|[]|[]
2023-01-02T14:30:13+0530 : 2|Pimcore\Bundle\AdminBundle\Controller\Admin\MiscController::scriptProxyAction|pimcore_admin_misc_scriptproxy|[]|{"storageFile":"minified_javascript_core_44ec3947584d507..."}
2023-01-02T14:30:13+0530 : 2|Pimcore\Bundle\AdminBundle\Controller\Admin\MiscController::scriptProxyAction|pimcore_admin_misc_scriptproxy|[]|{"storageFile":"minified_javascript_core_d41d8cd98f00b20..."}
2023-01-02T14:30:13+0530 : 2|Pimcore\Bundle\AdminBundle\Controller\Admin\UserController::getImageAction|pimcore_admin_user_getimage|[]|[]
2023-01-02T14:30:14+0530 : 2|Pimcore\Bundle\AdminBundle\Controller\Admin\SettingsController::displayCustomLogoAction|pimcore_settings_display_custom_logo|[]|[]
2023-01-02T14:30:14+0530 : 2|Pimcore\Bundle\AdminBundle\Controller\Admin\DataObject\DataObjectController::treeGetRootAction|pimcore_admin_dataobject_dataobject_treegetroot|[]|{"id":"","view":"","elementType":"object"}
2023-01-02T14:30:14+0530 : 2|Pimcore\Bundle\AdminBundle\Controller\Admin\Document\DocumentController::treeGetRootAction|pimcore_admin_document_document_treegetroot|[]|{"id":"1","view":"","elementType":"document"}
2023-01-02T14:30:14+0530 : 2|Pimcore\Bundle\AdminBundle\Controller\Admin\Asset\AssetController::treeGetRootAction|pimcore_admin_asset_treegetroot|[]|{"id":"1","view":"","elementType":"asset"}
2023-01-02T14:30:14+0530 : 2|Pimcore\Bundle\AdminBundle\Controller\Admin\PortalController::dashboardListAction|pimcore_admin_portal_dashboardlist|[]|[]
2023-01-02T14:30:14+0530 : 2|Pimcore\Bundle\AdminBundle\Controller\Admin\NotificationController::findLastUnreadAction|pimcore_admin_notification_findlastunread|[]|{"lastUpdate":"1672650013"}
2023-01-02T14:30:14+0530 : 2|Pimcore\Bundle\AdminBundle\Controller\Admin\Document\DocumentController::docTypesGetAction|pimcore_admin_document_document_doctypesget|[]|{"xaction":"read","page":"1","start":"0","limit":"25"}
2023-01-02T14:30:14+0530 : 2|Pimcore\Bundle\AdminBundle\Controller\Admin\DataObject\ClassController::getTreeAction|pimcore_admin_dataobject_class_gettree|[]|{"page":"1","start":"0","limit":"25"}
2023-01-02T14:30:14+0530 : 2|Pimcore\Bundle\AdminBundle\Controller\Admin\DataObject\ClassController::getTreeAction|pimcore_admin_dataobject_class_gettree|[]|{"createAllowed":"true","page":"1","start":"0","limit":"25"}
2023-01-02T14:30:14+0530 : 2|Pimcore\Bundle\AdminBundle\Controller\Admin\SettingsController::getAvailableAdminLanguagesAction|pimcore_admin_settings_getavailableadminlanguages|[]|{"page":"1","start":"0","limit":"25"}
2023-01-02T14:30:14+0530 : 2|Pimcore\Bundle\AdminBundle\Controller\Admin\SettingsController::getAvailableSitesAction|pimcore_admin_settings_getavailablesites|[]|{"page":"1","start":"0","limit":"25"}
2023-01-02T14:30:14+0530 : 2|Pimcore\Bundle\AdminBundle\Controller\Admin\TargetingController::targetGroupListAction|pimcore_admin_targeting_targetgrouplist|[]|{"page":"1","start":"0","limit":"25"}
2023-01-02T14:30:14+0530 : 2|Pimcore\Bundle\AdminBundle\Controller\Reports\CustomReportController::getReportConfigAction|pimcore_admin_reports_customreport_getreportconfig|[]|[]
2023-01-02T14:30:14+0530 : 2|Pimcore\Bundle\AdminBundle\Controller\Admin\DataObject\DataObjectController::treeGetChildsByIdAction|pimcore_admin_dataobject_dataobject_treegetchildsbyid|[]|{"limit":"30","view":"","parentPath":"\/","page":"1","start":"0","node":"1"}
2023-01-02T14:30:19+0530 : 2|Pimcore\Bundle\AdminBundle\Controller\Admin\DataObject\ClassController::getTreeAction|pimcore_admin_dataobject_class_gettree|[]|{"grouped":"1","withId":"1","node":"0"}
2023-01-02T14:30:20+0530 : 2|Pimcore\Bundle\AdminBundle\Controller\Admin\IndexController::statisticsAction|pimcore_admin_index_statistics|[]|[]
2023-01-02T14:30:43+0530 : 2|Pimcore\Bundle\AdminBundle\Controller\Admin\NotificationController::findLastUnreadAction|pimcore_admin_notification_findlastunread|[]|{"lastUpdate":"1672650014"}
